2023-10-22 12:47:20.215  INFO 10840 --- [main] com.example.demo.SareetaApplication      : Starting SareetaApplication on LAPTOP-IT8GQ233 with PID 10840 (C:\Users\Manar\Desktop\udacity-project4\nd035-c4-Security-and-DevOps\starter_code\target\classes started by Manar in C:\Users\Manar\Desktop\udacity-project4\nd035-c4-Security-and-DevOps)
2023-10-22 12:47:20.217  INFO 10840 --- [main] com.example.demo.SareetaApplication      : No active profile set, falling back to default profiles: default
2023-10-22 12:47:20.618  INFO 10840 --- [main] .s.d.r.c.RepositoryConfigurationDelegate : Bootstrapping Spring Data JPA repositories in DEFAULT mode.
2023-10-22 12:47:20.672  INFO 10840 --- [main] .s.d.r.c.RepositoryConfigurationDelegate : Finished Spring Data repository scanning in 45ms. Found 4 JPA repository interfaces.
2023-10-22 12:47:21.232  INFO 10840 --- [main] o.s.b.w.embedded.tomcat.TomcatWebServer  : Tomcat initialized with port(s): 8080 (http)
2023-10-22 12:47:21.240  INFO 10840 --- [main] o.apache.catalina.core.StandardService   : Starting service [Tomcat]
2023-10-22 12:47:21.241  INFO 10840 --- [main] org.apache.catalina.core.StandardEngine  : Starting Servlet engine: [Apache Tomcat/9.0.37]
2023-10-22 12:47:21.309  INFO 10840 --- [main] o.a.c.c.C.[Tomcat].[localhost].[/]       : Initializing Spring embedded WebApplicationContext
2023-10-22 12:47:21.309  INFO 10840 --- [main] w.s.c.ServletWebServerApplicationContext : Root WebApplicationContext: initialization completed in 1053 ms
2023-10-22 12:47:21.472  INFO 10840 --- [main] o.hibernate.jpa.internal.util.LogHelper  : HHH000204: Processing PersistenceUnitInfo [name: default]
2023-10-22 12:47:21.516  INFO 10840 --- [main] org.hibernate.Version                    : HHH000412: Hibernate ORM core version 5.4.18.Final
2023-10-22 12:47:21.638  INFO 10840 --- [main] o.hibernate.annotations.common.Version   : HCANN000001: Hibernate Commons Annotations {5.1.0.Final}
2023-10-22 12:47:21.724  INFO 10840 --- [main] com.zaxxer.hikari.HikariDataSource       : HikariPool-1 - Starting...
2023-10-22 12:47:21.845  INFO 10840 --- [main] com.zaxxer.hikari.HikariDataSource       : HikariPool-1 - Start completed.
2023-10-22 12:47:21.857  INFO 10840 --- [main] org.hibernate.dialect.Dialect            : HHH000400: Using dialect: org.hibernate.dialect.H2Dialect
2023-10-22 12:47:22.358  INFO 10840 --- [main] o.h.e.t.j.p.i.JtaPlatformInitiator       : HHH000490: Using JtaPlatform implementation: [org.hibernate.engine.transaction.jta.platform.internal.NoJtaPlatform]
2023-10-22 12:47:22.363  INFO 10840 --- [main] j.LocalContainerEntityManagerFactoryBean : Initialized JPA EntityManagerFactory for persistence unit 'default'
2023-10-22 12:47:22.584  WARN 10840 --- [main] JpaBaseConfiguration$JpaWebConfiguration : spring.jpa.open-in-view is enabled by default. Therefore, database queries may be performed during view rendering. Explicitly configure spring.jpa.open-in-view to disable this warning
2023-10-22 12:47:22.883  INFO 10840 --- [main] o.s.s.web.DefaultSecurityFilterChain     : Creating filter chain: any request, [org.springframework.security.web.context.request.async.WebAsyncManagerIntegrationFilter@747e8659, org.springframework.security.web.context.SecurityContextPersistenceFilter@69a3bf40, org.springframework.security.web.header.HeaderWriterFilter@66a93b25, org.springframework.web.filter.CorsFilter@4b360a82, org.springframework.security.web.authentication.logout.LogoutFilter@6556471b, com.example.demo.security.JWTAuthenticationFilter@75fa9254, com.example.demo.security.JWTAuthenticationVerficationFilter@6f25ed2b, org.springframework.security.web.savedrequest.RequestCacheAwareFilter@2a341e3d, org.springframework.security.web.servletapi.SecurityContextHolderAwareRequestFilter@285b491f, org.springframework.security.web.authentication.AnonymousAuthenticationFilter@6f69e2d8, org.springframework.security.web.session.SessionManagementFilter@3186f8f5, org.springframework.security.web.access.ExceptionTranslationFilter@46590dd0, org.springframework.security.web.access.intercept.FilterSecurityInterceptor@31028e45]
2023-10-22 12:47:22.913  INFO 10840 --- [main] o.s.s.concurrent.ThreadPoolTaskExecutor  : Initializing ExecutorService 'applicationTaskExecutor'
2023-10-22 12:47:23.011  INFO 10840 --- [main] o.s.b.w.embedded.tomcat.TomcatWebServer  : Tomcat started on port(s): 8080 (http) with context path ''
2023-10-22 12:47:23.019  INFO 10840 --- [main] com.example.demo.SareetaApplication      : Started SareetaApplication in 3.044 seconds (JVM running for 6.609)
2023-10-22 12:47:40.619  INFO 10840 --- [http-nio-8080-exec-1] o.a.c.c.C.[Tomcat].[localhost].[/]       : Initializing Spring DispatcherServlet 'dispatcherServlet'
2023-10-22 12:47:40.722  INFO 10840 --- [http-nio-8080-exec-1] c.e.demo.controllers.UserController      : in createUser with data 
2023-10-22 12:47:40.864  INFO 10840 --- [http-nio-8080-exec-1] c.e.demo.controllers.UserController      : user created with username : manar
2023-10-22 12:51:40.874  INFO 10840 --- [http-nio-8080-exec-7] c.e.demo.controllers.UserController      : in createUser with data 
2023-10-22 12:51:40.878 ERROR 10840 --- [http-nio-8080-exec-7] c.e.demo.controllers.UserController      : error accured beacuse password conditions violation
2023-10-22 12:52:03.953  INFO 10840 --- [http-nio-8080-exec-10] c.e.demo.controllers.UserController      : in createUser with data 
2023-10-22 12:52:04.138  INFO 10840 --- [http-nio-8080-exec-10] c.e.demo.controllers.UserController      : user created with username : meme
2023-10-22 12:53:59.835  INFO 10840 --- [http-nio-8080-exec-9] c.e.demo.controllers.OrderController     : submit order success
2023-10-22 12:54:28.227 ERROR 10840 --- [http-nio-8080-exec-8] c.e.demo.controllers.OrderController     : submit order failed, no user found with username :[manar1]
2023-10-22 12:54:48.847  WARN 10840 --- [http-nio-8080-exec-7] .w.s.m.s.DefaultHandlerExceptionResolver : Resolved [org.springframework.web.HttpRequestMethodNotSupportedException: Request method 'POST' not supported]
2023-10-22 12:55:08.334  INFO 10840 --- [http-nio-8080-exec-6] c.e.demo.controllers.OrderController     : get order success for username:[manar]
2023-10-22 12:55:25.908  INFO 10840 --- [SpringContextShutdownHook] o.s.s.concurrent.ThreadPoolTaskExecutor  : Shutting down ExecutorService 'applicationTaskExecutor'
2023-10-22 12:55:25.909  INFO 10840 --- [SpringContextShutdownHook] j.LocalContainerEntityManagerFactoryBean : Closing JPA EntityManagerFactory for persistence unit 'default'
2023-10-22 12:55:25.910  INFO 10840 --- [SpringContextShutdownHook] com.zaxxer.hikari.HikariDataSource       : HikariPool-1 - Shutdown initiated...
2023-10-22 12:55:25.911  INFO 10840 --- [SpringContextShutdownHook] com.zaxxer.hikari.HikariDataSource       : HikariPool-1 - Shutdown completed.
